2019/09/03 === [restartedMain] == INFO  == com.summer.ch5_2_3.Ch523Application == Starting Ch523Application on PC201810031527 with PID 8768 (E:\WorkSpace\ch5_2_3\target\classes started by Administrator in E:\WorkSpace\ch5_2_3)
2019/09/03 === [restartedMain] == INFO  == com.summer.ch5_2_3.Ch523Application == No active profile set, falling back to default profiles: default
2019/09/03 === [restartedMain] == INFO  == o.s.b.d.env.DevToolsPropertyDefaultsPostProcessor == Devtools property defaults active! Set 'spring.devtools.add-properties' to 'false' to disable
2019/09/03 === [restartedMain] == INFO  == o.s.b.d.env.DevToolsPropertyDefaultsPostProcessor == For additional web related logging consider setting the 'logging.level.web' property to 'DEBUG'
2019/09/03 === [restartedMain] == INFO  == o.s.boot.web.embedded.tomcat.TomcatWebServer == Tomcat initialized with port(s): 9090 (http)
2019/09/03 === [restartedMain] == INFO  == org.apache.catalina.core.StandardService == Starting service [Tomcat]
2019/09/03 === [restartedMain] == INFO  == org.apache.catalina.core.StandardEngine == Starting Servlet engine: [Apache Tomcat/9.0.22]
2019/09/03 === [restartedMain] == INFO  == o.a.c.c.C.[Tomcat].[localhost].[/helloboot] == Initializing Spring embedded WebApplicationContext
2019/09/03 === [restartedMain] == DEBUG == org.springframework.web.context.ContextLoader == Published root WebApplicationContext as ServletContext attribute with name [org.springframework.web.context.WebApplicationContext.ROOT]
2019/09/03 === [restartedMain] == INFO  == org.springframework.web.context.ContextLoader == Root WebApplicationContext: initialization completed in 4695 ms
2019/09/03 === [restartedMain] == DEBUG == o.s.web.servlet.handler.SimpleUrlHandlerMapping == Patterns [/**/favicon.ico] in 'faviconHandlerMapping'
2019/09/03 === [restartedMain] == INFO  == o.s.scheduling.concurrent.ThreadPoolTaskExecutor == Initializing ExecutorService 'applicationTaskExecutor'
2019/09/03 === [restartedMain] == DEBUG == o.s.w.s.m.m.a.RequestMappingHandlerAdapter == ControllerAdvice beans: 0 @ModelAttribute, 0 @InitBinder, 1 RequestBodyAdvice, 1 ResponseBodyAdvice
2019/09/03 === [restartedMain] == DEBUG == o.s.w.s.m.m.a.RequestMappingHandlerMapping == 5 mappings in 'requestMappingHandlerMapping'
2019/09/03 === [restartedMain] == DEBUG == o.s.web.servlet.handler.SimpleUrlHandlerMapping == Patterns [/webjars/**, /**] in 'resourceHandlerMapping'
2019/09/03 === [restartedMain] == DEBUG == o.s.w.s.m.m.a.ExceptionHandlerExceptionResolver == ControllerAdvice beans: 0 @ExceptionHandler, 1 ResponseBodyAdvice
2019/09/03 === [restartedMain] == INFO  == o.s.b.d.autoconfigure.OptionalLiveReloadServer == LiveReload server is running on port 35729
2019/09/03 === [restartedMain] == INFO  == o.s.boot.web.embedded.tomcat.TomcatWebServer == Tomcat started on port(s): 9090 (http) with context path '/helloboot'
2019/09/03 === [restartedMain] == INFO  == com.summer.ch5_2_3.Ch523Application == Started Ch523Application in 6.663 seconds (JVM running for 7.728)
2019/09/03 === [restartedMain] == INFO  == com.summer.ch5_2_3.Ch523Application == Starting Ch523Application on PC201810031527 with PID 11388 (E:\WorkSpace\ch5_2_3\target\classes started by Administrator in E:\WorkSpace\ch5_2_3)
2019/09/03 === [restartedMain] == INFO  == com.summer.ch5_2_3.Ch523Application == The following profiles are active: prd
2019/09/03 === [restartedMain] == INFO  == o.s.b.d.env.DevToolsPropertyDefaultsPostProcessor == Devtools property defaults active! Set 'spring.devtools.add-properties' to 'false' to disable
2019/09/03 === [restartedMain] == INFO  == o.s.b.d.env.DevToolsPropertyDefaultsPostProcessor == For additional web related logging consider setting the 'logging.level.web' property to 'DEBUG'
2019/09/03 === [restartedMain] == INFO  == o.s.boot.web.embedded.tomcat.TomcatWebServer == Tomcat initialized with port(s): 9091 (http)
2019/09/03 === [restartedMain] == INFO  == org.apache.catalina.core.StandardService == Starting service [Tomcat]
2019/09/03 === [restartedMain] == INFO  == org.apache.catalina.core.StandardEngine == Starting Servlet engine: [Apache Tomcat/9.0.22]
2019/09/03 === [restartedMain] == INFO  == o.a.c.c.C.[Tomcat].[localhost].[/helloboot] == Initializing Spring embedded WebApplicationContext
2019/09/03 === [restartedMain] == DEBUG == org.springframework.web.context.ContextLoader == Published root WebApplicationContext as ServletContext attribute with name [org.springframework.web.context.WebApplicationContext.ROOT]
2019/09/03 === [restartedMain] == INFO  == org.springframework.web.context.ContextLoader == Root WebApplicationContext: initialization completed in 5747 ms
2019/09/03 === [restartedMain] == DEBUG == o.s.web.servlet.handler.SimpleUrlHandlerMapping == Patterns [/**/favicon.ico] in 'faviconHandlerMapping'
2019/09/03 === [restartedMain] == INFO  == o.s.scheduling.concurrent.ThreadPoolTaskExecutor == Initializing ExecutorService 'applicationTaskExecutor'
2019/09/03 === [restartedMain] == DEBUG == o.s.w.s.m.m.a.RequestMappingHandlerAdapter == ControllerAdvice beans: 0 @ModelAttribute, 0 @InitBinder, 1 RequestBodyAdvice, 1 ResponseBodyAdvice
2019/09/03 === [restartedMain] == DEBUG == o.s.w.s.m.m.a.RequestMappingHandlerMapping == 5 mappings in 'requestMappingHandlerMapping'
2019/09/03 === [restartedMain] == DEBUG == o.s.web.servlet.handler.SimpleUrlHandlerMapping == Patterns [/webjars/**, /**] in 'resourceHandlerMapping'
2019/09/03 === [restartedMain] == DEBUG == o.s.w.s.m.m.a.ExceptionHandlerExceptionResolver == ControllerAdvice beans: 0 @ExceptionHandler, 1 ResponseBodyAdvice
2019/09/03 === [restartedMain] == INFO  == o.s.b.d.autoconfigure.OptionalLiveReloadServer == LiveReload server is running on port 35729
2019/09/03 === [restartedMain] == INFO  == o.s.boot.web.embedded.tomcat.TomcatWebServer == Tomcat started on port(s): 9091 (http) with context path '/helloboot'
2019/09/03 === [restartedMain] == INFO  == com.summer.ch5_2_3.Ch523Application == Started Ch523Application in 8.058 seconds (JVM running for 9.217)
2019/09/03 === [http-nio-9091-exec-1] == INFO  == o.a.c.c.C.[Tomcat].[localhost].[/helloboot] == Initializing Spring DispatcherServlet 'dispatcherServlet'
2019/09/03 === [http-nio-9091-exec-1] == INFO  == org.springframework.web.servlet.DispatcherServlet == Initializing Servlet 'dispatcherServlet'
2019/09/03 === [http-nio-9091-exec-1] == DEBUG == org.springframework.web.servlet.DispatcherServlet == Detected StandardServletMultipartResolver
2019/09/03 === [http-nio-9091-exec-1] == DEBUG == org.springframework.web.servlet.DispatcherServlet == enableLoggingRequestDetails='false': request parameters and headers will be masked to prevent unsafe logging of potentially sensitive data
2019/09/03 === [http-nio-9091-exec-1] == INFO  == org.springframework.web.servlet.DispatcherServlet == Completed initialization in 13 ms
2019/09/03 === [http-nio-9091-exec-1] == DEBUG == org.springframework.web.servlet.DispatcherServlet == GET "/helloboot/propToBean", parameters={}
2019/09/03 === [http-nio-9091-exec-1] == DEBUG == o.s.w.s.m.m.a.RequestMappingHandlerMapping == Mapped to public java.lang.String com.summer.ch5_2_3.Ch523Application.propToBean()
2019/09/03 === [http-nio-9091-exec-1] == DEBUG == o.s.w.s.m.m.a.RequestResponseBodyMethodProcessor == Using 'text/html', given [text/html, application/xhtml+xml, image/webp, image/apng, application/signed-exchange;v=b3, application/xml;q=0.9, */*;q=0.8] and supported [text/plain, */*, text/plain, */*, application/json, application/*+json, application/json, application/*+json]
2019/09/03 === [http-nio-9091-exec-1] == DEBUG == o.s.w.s.m.m.a.RequestResponseBodyMethodProcessor == Writing ["bookAuthor1:liudengdeng1   bookName1:spring boot1"]
2019/09/03 === [http-nio-9091-exec-1] == DEBUG == org.springframework.web.servlet.DispatcherServlet == Completed 200 OK
2019/09/03 === [restartedMain] == INFO  == com.summer.ch5_2_3.Ch523Application == Starting Ch523Application on PC201810031527 with PID 17996 (E:\WorkSpace\ch5_2_3\target\classes started by Administrator in E:\WorkSpace\ch5_2_3)
2019/09/03 === [restartedMain] == INFO  == com.summer.ch5_2_3.Ch523Application == The following profiles are active: dev
2019/09/03 === [restartedMain] == INFO  == o.s.b.d.env.DevToolsPropertyDefaultsPostProcessor == Devtools property defaults active! Set 'spring.devtools.add-properties' to 'false' to disable
2019/09/03 === [restartedMain] == INFO  == o.s.b.d.env.DevToolsPropertyDefaultsPostProcessor == For additional web related logging consider setting the 'logging.level.web' property to 'DEBUG'
2019/09/03 === [restartedMain] == INFO  == o.s.boot.web.embedded.tomcat.TomcatWebServer == Tomcat initialized with port(s): 9090 (http)
2019/09/03 === [restartedMain] == INFO  == org.apache.catalina.core.StandardService == Starting service [Tomcat]
2019/09/03 === [restartedMain] == INFO  == org.apache.catalina.core.StandardEngine == Starting Servlet engine: [Apache Tomcat/9.0.22]
2019/09/03 === [restartedMain] == INFO  == o.a.c.c.C.[Tomcat].[localhost].[/helloboot] == Initializing Spring embedded WebApplicationContext
2019/09/03 === [restartedMain] == DEBUG == org.springframework.web.context.ContextLoader == Published root WebApplicationContext as ServletContext attribute with name [org.springframework.web.context.WebApplicationContext.ROOT]
2019/09/03 === [restartedMain] == INFO  == org.springframework.web.context.ContextLoader == Root WebApplicationContext: initialization completed in 5235 ms
2019/09/03 === [restartedMain] == DEBUG == o.s.web.servlet.handler.SimpleUrlHandlerMapping == Patterns [/**/favicon.ico] in 'faviconHandlerMapping'
2019/09/03 === [restartedMain] == INFO  == o.s.scheduling.concurrent.ThreadPoolTaskExecutor == Initializing ExecutorService 'applicationTaskExecutor'
2019/09/03 === [restartedMain] == DEBUG == o.s.w.s.m.m.a.RequestMappingHandlerAdapter == ControllerAdvice beans: 0 @ModelAttribute, 0 @InitBinder, 1 RequestBodyAdvice, 1 ResponseBodyAdvice
2019/09/03 === [restartedMain] == DEBUG == o.s.w.s.m.m.a.RequestMappingHandlerMapping == 5 mappings in 'requestMappingHandlerMapping'
2019/09/03 === [restartedMain] == DEBUG == o.s.web.servlet.handler.SimpleUrlHandlerMapping == Patterns [/webjars/**, /**] in 'resourceHandlerMapping'
2019/09/03 === [restartedMain] == DEBUG == o.s.w.s.m.m.a.ExceptionHandlerExceptionResolver == ControllerAdvice beans: 0 @ExceptionHandler, 1 ResponseBodyAdvice
2019/09/03 === [restartedMain] == INFO  == o.s.b.d.autoconfigure.OptionalLiveReloadServer == LiveReload server is running on port 35729
2019/09/03 === [restartedMain] == INFO  == o.s.boot.web.embedded.tomcat.TomcatWebServer == Tomcat started on port(s): 9090 (http) with context path '/helloboot'
2019/09/03 === [restartedMain] == INFO  == com.summer.ch5_2_3.Ch523Application == Started Ch523Application in 7.317 seconds (JVM running for 8.491)
2019/09/03 === [http-nio-9090-exec-2] == INFO  == o.a.c.c.C.[Tomcat].[localhost].[/helloboot] == Initializing Spring DispatcherServlet 'dispatcherServlet'
2019/09/03 === [http-nio-9090-exec-2] == INFO  == org.springframework.web.servlet.DispatcherServlet == Initializing Servlet 'dispatcherServlet'
2019/09/03 === [http-nio-9090-exec-2] == DEBUG == org.springframework.web.servlet.DispatcherServlet == Detected StandardServletMultipartResolver
2019/09/03 === [http-nio-9090-exec-2] == DEBUG == org.springframework.web.servlet.DispatcherServlet == enableLoggingRequestDetails='false': request parameters and headers will be masked to prevent unsafe logging of potentially sensitive data
2019/09/03 === [http-nio-9090-exec-2] == INFO  == org.springframework.web.servlet.DispatcherServlet == Completed initialization in 13 ms
2019/09/03 === [http-nio-9090-exec-2] == DEBUG == org.springframework.web.servlet.DispatcherServlet == GET "/helloboot/propToBean", parameters={}
2019/09/03 === [http-nio-9090-exec-2] == DEBUG == o.s.w.s.m.m.a.RequestMappingHandlerMapping == Mapped to public java.lang.String com.summer.ch5_2_3.Ch523Application.propToBean()
2019/09/03 === [http-nio-9090-exec-2] == DEBUG == o.s.w.s.m.m.a.RequestResponseBodyMethodProcessor == Using 'text/html', given [text/html, application/xhtml+xml, image/webp, image/apng, application/signed-exchange;v=b3, application/xml;q=0.9, */*;q=0.8] and supported [text/plain, */*, text/plain, */*, application/json, application/*+json, application/json, application/*+json]
2019/09/03 === [http-nio-9090-exec-2] == DEBUG == o.s.w.s.m.m.a.RequestResponseBodyMethodProcessor == Writing ["bookAuthor1:liudengdeng1   bookName1:spring boot1"]
2019/09/03 === [http-nio-9090-exec-2] == DEBUG == org.springframework.web.servlet.DispatcherServlet == Completed 200 OK
2019/09/03 === [restartedMain] == DEBUG == o.s.b.c.l.ClasspathLoggingApplicationListener == Application started with classpath: [file:/E:/WorkSpace/ch5_2_3/target/classes/]
2019/09/03 === [restartedMain] == INFO  == com.summer.ch5_2_3.Ch523Application == Starting Ch523Application on PC201810031527 with PID 5576 (E:\WorkSpace\ch5_2_3\target\classes started by Administrator in E:\WorkSpace\ch5_2_3)
2019/09/03 === [restartedMain] == INFO  == com.summer.ch5_2_3.Ch523Application == The following profiles are active: dev
2019/09/03 === [restartedMain] == DEBUG == org.springframework.boot.SpringApplication == Loading source class com.summer.ch5_2_3.Ch523Application
2019/09/03 === [restartedMain] == DEBUG == o.s.b.context.config.ConfigFileApplicationListener == Activated activeProfiles dev
2019/09/03 === [restartedMain] == DEBUG == o.s.b.context.config.ConfigFileApplicationListener == Loaded config file 'file:/E:/WorkSpace/ch5_2_3/target/classes/application.properties' (classpath:/application.properties)
2019/09/03 === [restartedMain] == DEBUG == o.s.b.context.config.ConfigFileApplicationListener == Loaded config file 'file:/E:/WorkSpace/ch5_2_3/target/classes/application-dev.properties' (classpath:/application-dev.properties) for profile dev
2019/09/03 === [restartedMain] == DEBUG == o.s.boot.devtools.restart.ChangeableUrls == Matching URLs for reloading : [file:/E:/WorkSpace/ch5_2_3/target/classes/]
2019/09/03 === [restartedMain] == DEBUG == o.s.boot.devtools.settings.DevToolsSettings == Included patterns for restart : []
2019/09/03 === [restartedMain] == DEBUG == o.s.boot.devtools.settings.DevToolsSettings == Excluded patterns for restart : [/spring-boot-actuator/target/classes/, /spring-boot-devtools/target/classes/, /spring-boot/target/classes/, /spring-boot-starter-[\w-]+/, /spring-boot-autoconfigure/target/classes/, /spring-boot-starter/target/classes/]
2019/09/03 === [restartedMain] == INFO  == o.s.b.d.env.DevToolsPropertyDefaultsPostProcessor == Devtools property defaults active! Set 'spring.devtools.add-properties' to 'false' to disable
2019/09/03 === [restartedMain] == INFO  == o.s.b.d.env.DevToolsPropertyDefaultsPostProcessor == For additional web related logging consider setting the 'logging.level.web' property to 'DEBUG'
2019/09/03 === [restartedMain] == DEBUG == o.s.b.w.s.c.AnnotationConfigServletWebServerApplicationContext == Refreshing org.springframework.boot.web.servlet.context.AnnotationConfigServletWebServerApplicationContext@385c00c
2019/09/03 === [restartedMain] == DEBUG == o.s.b.w.e.tomcat.TomcatServletWebServerFactory == Code archive: E:\localRepository\org\springframework\boot\spring-boot\2.1.7.RELEASE\spring-boot-2.1.7.RELEASE.jar
2019/09/03 === [restartedMain] == DEBUG == o.s.b.w.e.tomcat.TomcatServletWebServerFactory == Code archive: E:\localRepository\org\springframework\boot\spring-boot\2.1.7.RELEASE\spring-boot-2.1.7.RELEASE.jar
2019/09/03 === [restartedMain] == DEBUG == o.s.b.w.e.tomcat.TomcatServletWebServerFactory == None of the document roots [src/main/webapp, public, static] point to a directory and will be ignored.
2019/09/03 === [restartedMain] == INFO  == o.s.boot.web.embedded.tomcat.TomcatWebServer == Tomcat initialized with port(s): 9090 (http)
2019/09/03 === [restartedMain] == INFO  == org.apache.catalina.core.StandardService == Starting service [Tomcat]
2019/09/03 === [restartedMain] == INFO  == org.apache.catalina.core.StandardEngine == Starting Servlet engine: [Apache Tomcat/9.0.22]
2019/09/03 === [restartedMain] == INFO  == o.a.c.c.C.[Tomcat].[localhost].[/helloboot] == Initializing Spring embedded WebApplicationContext
2019/09/03 === [restartedMain] == DEBUG == org.springframework.web.context.ContextLoader == Published root WebApplicationContext as ServletContext attribute with name [org.springframework.web.context.WebApplicationContext.ROOT]
2019/09/03 === [restartedMain] == INFO  == org.springframework.web.context.ContextLoader == Root WebApplicationContext: initialization completed in 5754 ms
2019/09/03 === [restartedMain] == DEBUG == o.s.b.web.servlet.ServletContextInitializerBeans == Mapping filters: characterEncodingFilter urls=[/*], hiddenHttpMethodFilter urls=[/*], formContentFilter urls=[/*], requestContextFilter urls=[/*]
2019/09/03 === [restartedMain] == DEBUG == o.s.b.web.servlet.ServletContextInitializerBeans == Mapping servlets: dispatcherServlet urls=[/]
2019/09/03 === [restartedMain] == DEBUG == o.s.b.w.servlet.filter.OrderedRequestContextFilter == Filter 'requestContextFilter' configured for use
2019/09/03 === [restartedMain] == DEBUG == o.s.b.w.s.filter.OrderedHiddenHttpMethodFilter == Filter 'hiddenHttpMethodFilter' configured for use
2019/09/03 === [restartedMain] == DEBUG == o.s.b.w.s.filter.OrderedCharacterEncodingFilter == Filter 'characterEncodingFilter' configured for use
2019/09/03 === [restartedMain] == DEBUG == o.s.b.web.servlet.filter.OrderedFormContentFilter == Filter 'formContentFilter' configured for use
2019/09/03 === [restartedMain] == DEBUG == o.s.web.servlet.handler.SimpleUrlHandlerMapping == Patterns [/**/favicon.ico] in 'faviconHandlerMapping'
2019/09/03 === [restartedMain] == INFO  == o.s.scheduling.concurrent.ThreadPoolTaskExecutor == Initializing ExecutorService 'applicationTaskExecutor'
2019/09/03 === [restartedMain] == DEBUG == o.s.w.s.m.m.a.RequestMappingHandlerAdapter == ControllerAdvice beans: 0 @ModelAttribute, 0 @InitBinder, 1 RequestBodyAdvice, 1 ResponseBodyAdvice
2019/09/03 === [restartedMain] == DEBUG == o.s.w.s.m.m.a.RequestMappingHandlerMapping == 5 mappings in 'requestMappingHandlerMapping'
2019/09/03 === [restartedMain] == DEBUG == o.s.web.servlet.handler.SimpleUrlHandlerMapping == Patterns [/webjars/**, /**] in 'resourceHandlerMapping'
2019/09/03 === [restartedMain] == DEBUG == o.s.w.s.m.m.a.ExceptionHandlerExceptionResolver == ControllerAdvice beans: 0 @ExceptionHandler, 1 ResponseBodyAdvice
2019/09/03 === [restartedMain] == DEBUG == o.s.boot.devtools.livereload.LiveReloadServer == Starting live reload server on port 35729
2019/09/03 === [restartedMain] == INFO  == o.s.b.d.autoconfigure.OptionalLiveReloadServer == LiveReload server is running on port 35729
2019/09/03 === [restartedMain] == DEBUG == o.s.b.a.l.ConditionEvaluationReportLoggingListener == 


============================
CONDITIONS EVALUATION REPORT
============================


Positive matches:
-----------------

   CodecsAutoConfiguration matched:
      - @ConditionalOnClass found required class 'org.springframework.http.codec.CodecConfigurer' (OnClassCondition)

   CodecsAutoConfiguration.JacksonCodecConfiguration matched:
      - @ConditionalOnClass found required class 'com.fasterxml.jackson.databind.ObjectMapper' (OnClassCondition)

   CodecsAutoConfiguration.JacksonCodecConfiguration#jacksonCodecCustomizer matched:
      - @ConditionalOnBean (types: com.fasterxml.jackson.databind.ObjectMapper; SearchStrategy: all) found bean 'jacksonObjectMapper' (OnBeanCondition)

   DispatcherServletAutoConfiguration matched:
      - @ConditionalOnClass found required class 'org.springframework.web.servlet.DispatcherServlet' (OnClassCondition)
      - found 'session' scope (OnWebApplicationCondition)

   DispatcherServletAutoConfiguration.DispatcherServletConfiguration matched:
      - @ConditionalOnClass found required class 'javax.servlet.ServletRegistration' (OnClassCondition)
      - Default DispatcherServlet did not find dispatcher servlet beans (DispatcherServletAutoConfiguration.DefaultDispatcherServletCondition)

   DispatcherServletAutoConfiguration.DispatcherServletRegistrationConfiguration matched:
      - @ConditionalOnClass found required class 'javax.servlet.ServletRegistration' (OnClassCondition)
      - DispatcherServlet Registration did not find servlet registration bean (DispatcherServletAutoConfiguration.DispatcherServletRegistrationCondition)

   DispatcherServletAutoConfiguration.DispatcherServletRegistrationConfiguration#dispatcherServletRegistration matched:
      - @ConditionalOnBean (names: dispatcherServlet; types: org.springframework.web.servlet.DispatcherServlet; SearchStrategy: all) found bean 'dispatcherServlet' (OnBeanCondition)

   EmbeddedWebServerFactoryCustomizerAutoConfiguration matched:
      - @ConditionalOnWebApplication (required) found 'session' scope (OnWebApplicationCondition)

   EmbeddedWebServerFactoryCustomizerAutoConfiguration.TomcatWebServerFactoryCustomizerConfiguration matched:
      - @ConditionalOnClass found required classes 'org.apache.catalina.startup.Tomcat', 'org.apache.coyote.UpgradeProtocol' (OnClassCondition)

   ErrorMvcAutoConfiguration matched:
      - @ConditionalOnClass found required classes 'javax.servlet.Servlet', 'org.springframework.web.servlet.DispatcherServlet' (OnClassCondition)
      - found 'session' scope (OnWebApplicationCondition)

   ErrorMvcAutoConfiguration#basicErrorController matched:
      - @ConditionalOnMissingBean (types: org.springframework.boot.web.servlet.error.ErrorController; SearchStrategy: current) did not find any beans (OnBeanCondition)

   ErrorMvcAutoConfiguration#errorAttributes matched:
      - @ConditionalOnMissingBean (types: org.springframework.boot.web.servlet.error.ErrorAttributes; SearchStrategy: current) did not find any beans (OnBeanCondition)

   ErrorMvcAutoConfiguration.DefaultErrorViewResolverConfiguration#conventionErrorViewResolver matched:
      - @ConditionalOnBean (types: org.springframework.web.servlet.DispatcherServlet; SearchStrategy: all) found bean 'dispatcherServlet'; @ConditionalOnMissingBean (types: org.springframework.boot.autoconfigure.web.servlet.error.DefaultErrorViewResolver; SearchStrategy: all) did not find any beans (OnBeanCondition)

   ErrorMvcAutoConfiguration.WhitelabelErrorViewConfiguration matched:
      - @ConditionalOnProperty (server.error.whitelabel.enabled) matched (OnPropertyCondition)
      - ErrorTemplate Missing did not find error template view (ErrorMvcAutoConfiguration.ErrorTemplateMissingCondition)

   ErrorMvcAutoConfiguration.WhitelabelErrorViewConfiguration#beanNameViewResolver matched:
      - @ConditionalOnMissingBean (types: org.springframework.web.servlet.view.BeanNameViewResolver; SearchStrategy: all) did not find any beans (OnBeanCondition)

   ErrorMvcAutoConfiguration.WhitelabelErrorViewConfiguration#defaultErrorView matched:
      - @ConditionalOnMissingBean (names: error; SearchStrategy: all) did not find any beans (OnBeanCondition)

   GenericCacheConfiguration matched:
      - Cache org.springframework.boot.autoconfigure.cache.GenericCacheConfiguration automatic cache type (CacheCondition)

   HttpEncodingAutoConfiguration matched:
      - @ConditionalOnClass found required class 'org.springframework.web.filter.CharacterEncodingFilter' (OnClassCondition)
      - found 'session' scope (OnWebApplicationCondition)
      - @ConditionalOnProperty (spring.http.encoding.enabled) matched (OnPropertyCondition)

   HttpEncodingAutoConfiguration#characterEncodingFilter matched:
      - @ConditionalOnMissingBean (types: org.springframework.web.filter.CharacterEncodingFilter; SearchStrategy: all) did not find any beans (OnBeanCondition)

   HttpMessageConvertersAutoConfiguration matched:
      - @ConditionalOnClass found required class 'org.springframework.http.converter.HttpMessageConverter' (OnClassCondition)

   HttpMessageConvertersAutoConfiguration#messageConverters matched:
      - @ConditionalOnMissingBean (types: org.springframework.boot.autoconfigure.http.HttpMessageConverters; SearchStrategy: all) did not find any beans (OnBeanCondition)

   HttpMessageConvertersAutoConfiguration.StringHttpMessageConverterConfiguration matched:
      - @ConditionalOnClass found required class 'org.springframework.http.converter.StringHttpMessageConverter' (OnClassCondition)

   HttpMessageConvertersAutoConfiguration.StringHttpMessageConverterConfiguration#stringHttpMessageConverter matched:
      - @ConditionalOnMissingBean (types: org.springframework.http.converter.StringHttpMessageConverter; SearchStrategy: all) did not find any beans (OnBeanCondition)

   JacksonAutoConfiguration matched:
      - @ConditionalOnClass found required class 'com.fasterxml.jackson.databind.ObjectMapper' (OnClassCondition)

   JacksonAutoConfiguration.Jackson2ObjectMapperBuilderCustomizerConfiguration matched:
      - @ConditionalOnClass found required class 'org.springframework.http.converter.json.Jackson2ObjectMapperBuilder' (OnClassCondition)

   JacksonAutoConfiguration.JacksonObjectMapperBuilderConfiguration matched:
      - @ConditionalOnClass found required class 'org.springframework.http.converter.json.Jackson2ObjectMapperBuilder' (OnClassCondition)

   JacksonAutoConfiguration.JacksonObjectMapperBuilderConfiguration#jacksonObjectMapperBuilder matched:
      - @ConditionalOnMissingBean (types: org.springframework.http.converter.json.Jackson2ObjectMapperBuilder; SearchStrategy: all) did not find any beans (OnBeanCondition)

   JacksonAutoConfiguration.JacksonObjectMapperConfiguration matched:
      - @ConditionalOnClass found required class 'org.springframework.http.converter.json.Jackson2ObjectMapperBuilder' (OnClassCondition)

   JacksonAutoConfiguration.JacksonObjectMapperConfiguration#jacksonObjectMapper matched:
      - @ConditionalOnMissingBean (types: com.fasterxml.jackson.databind.ObjectMapper; SearchStrategy: all) did not find any beans (OnBeanCondition)

   JacksonAutoConfiguration.ParameterNamesModuleConfiguration matched:
      - @ConditionalOnClass found required class 'com.fasterxml.jackson.module.paramnames.ParameterNamesModule' (OnClassCondition)

   JacksonAutoConfiguration.ParameterNamesModuleConfiguration#parameterNamesModule matched:
      - @ConditionalOnMissingBean (types: com.fasterxml.jackson.module.paramnames.ParameterNamesModule; SearchStrategy: all) did not find any beans (OnBeanCondition)

   JacksonHttpMessageConvertersConfiguration.MappingJackson2HttpMessageConverterConfiguration matched:
      - @ConditionalOnClass found required class 'com.fasterxml.jackson.databind.ObjectMapper' (OnClassCondition)
      - @ConditionalOnProperty (spring.http.converters.preferred-json-mapper=jackson) matched (OnPropertyCondition)
      - @ConditionalOnBean (types: com.fasterxml.jackson.databind.ObjectMapper; SearchStrategy: all) found bean 'jacksonObjectMapper' (OnBeanCondition)

   JacksonHttpMessageConvertersConfiguration.MappingJackson2HttpMessageConverterConfiguration#mappingJackson2HttpMessageConverter matched:
      - @ConditionalOnMissingBean (types: org.springframework.http.converter.json.MappingJackson2HttpMessageConverter; SearchStrategy: all) did not find any beans (OnBeanCondition)

   JmxAutoConfiguration matched:
      - @ConditionalOnClass found required class 'org.springframework.jmx.export.MBeanExporter' (OnClassCondition)
      - @ConditionalOnProperty (spring.jmx.enabled=true) matched (OnPropertyCondition)

   JmxAutoConfiguration#mbeanExporter matched:
      - @ConditionalOnMissingBean (types: org.springframework.jmx.export.MBeanExporter; SearchStrategy: current) did not find any beans (OnBeanCondition)

   JmxAutoConfiguration#mbeanServer matched:
      - @ConditionalOnMissingBean (types: javax.management.MBeanServer; SearchStrategy: all) did not find any beans (OnBeanCondition)

   JmxAutoConfiguration#objectNamingStrategy matched:
      - @ConditionalOnMissingBean (types: org.springframework.jmx.export.naming.ObjectNamingStrategy; SearchStrategy: current) did not find any beans (OnBeanCondition)

   LocalDevToolsAutoConfiguration matched:
      - Initialized Restarter Condition available and initialized (OnInitializedRestarterCondition)

   LocalDevToolsAutoConfiguration.LiveReloadConfiguration matched:
      - @ConditionalOnProperty (spring.devtools.livereload.enabled) matched (OnPropertyCondition)

   LocalDevToolsAutoConfiguration.LiveReloadConfiguration#liveReloadServer matched:
      - @ConditionalOnMissingBean (types: org.springframework.boot.devtools.livereload.LiveReloadServer; SearchStrategy: all) did not find any beans (OnBeanCondition)

   LocalDevToolsAutoConfiguration.RestartConfiguration matched:
      - @ConditionalOnProperty (spring.devtools.restart.enabled) matched (OnPropertyCondition)

   LocalDevToolsAutoConfiguration.RestartConfiguration#classPathFileSystemWatcher matched:
      - @ConditionalOnMissingBean (types: org.springframework.boot.devtools.classpath.ClassPathFileSystemWatcher; SearchStrategy: all) did not find any beans (OnBeanCondition)

   LocalDevToolsAutoConfiguration.RestartConfiguration#classPathRestartStrategy matched:
      - @ConditionalOnMissingBean (types: org.springframework.boot.devtools.classpath.ClassPathRestartStrategy; SearchStrategy: all) did not find any beans (OnBeanCondition)

   LocalDevToolsAutoConfiguration.RestartConfiguration#conditionEvaluationDeltaLoggingListener matched:
      - @ConditionalOnProperty (spring.devtools.restart.log-condition-evaluation-delta) matched (OnPropertyCondition)

   MultipartAutoConfiguration matched:
      - @ConditionalOnClass found required classes 'javax.servlet.Servlet', 'org.springframework.web.multipart.support.StandardServletMultipartResolver', 'javax.servlet.MultipartConfigElement' (OnClassCondition)
      - found 'session' scope (OnWebApplicationCondition)
      - @ConditionalOnProperty (spring.servlet.multipart.enabled) matched (OnPropertyCondition)

   MultipartAutoConfiguration#multipartConfigElement matched:
      - @ConditionalOnMissingBean (types: javax.servlet.MultipartConfigElement,org.springframework.web.multipart.commons.CommonsMultipartResolver; SearchStrategy: all) did not find any beans (OnBeanCondition)

   MultipartAutoConfiguration#multipartResolver matched:
      - @ConditionalOnMissingBean (types: org.springframework.web.multipart.MultipartResolver; SearchStrategy: all) did not find any beans (OnBeanCondition)

   NoOpCacheConfiguration matched:
      - Cache org.springframework.boot.autoconfigure.cache.NoOpCacheConfiguration automatic cache type (CacheCondition)

   PropertyPlaceholderAutoConfiguration#propertySourcesPlaceholderConfigurer matched:
      - @ConditionalOnMissingBean (types: org.springframework.context.support.PropertySourcesPlaceholderConfigurer; SearchStrategy: current) did not find any beans (OnBeanCondition)

   RestTemplateAutoConfiguration matched:
      - @ConditionalOnClass found required class 'org.springframework.web.client.RestTemplate' (OnClassCondition)

   RestTemplateAutoConfiguration#restTemplateBuilder matched:
      - @ConditionalOnMissingBean (types: org.springframework.boot.web.client.RestTemplateBuilder; SearchStrategy: all) did not find any beans (OnBeanCondition)

   ServletWebServerFactoryAutoConfiguration matched:
      - @ConditionalOnClass found required class 'javax.servlet.ServletRequest' (OnClassCondition)
      - found 'session' scope (OnWebApplicationCondition)

   ServletWebServerFactoryAutoConfiguration#tomcatServletWebServerFactoryCustomizer matched:
      - @ConditionalOnClass found required class 'org.apache.catalina.startup.Tomcat' (OnClassCondition)

   ServletWebServerFactoryConfiguration.EmbeddedTomcat matched:
      - @ConditionalOnClass found required classes 'javax.servlet.Servlet', 'org.apache.catalina.startup.Tomcat', 'org.apache.coyote.UpgradeProtocol' (OnClassCondition)
      - @ConditionalOnMissingBean (types: org.springframework.boot.web.servlet.server.ServletWebServerFactory; SearchStrategy: current) did not find any beans (OnBeanCondition)

   SimpleCacheConfiguration matched:
      - Cache org.springframework.boot.autoconfigure.cache.SimpleCacheConfiguration automatic cache type (CacheCondition)

   TaskExecutionAutoConfiguration matched:
      - @ConditionalOnClass found required class 'org.springframework.scheduling.concurrent.ThreadPoolTaskExecutor' (OnClassCondition)

   TaskExecutionAutoConfiguration#applicationTaskExecutor matched:
      - @ConditionalOnMissingBean (types: java.util.concurrent.Executor; SearchStrategy: all) did not find any beans (OnBeanCondition)

   TaskExecutionAutoConfiguration#taskExecutorBuilder matched:
      - @ConditionalOnMissingBean (types: org.springframework.boot.task.TaskExecutorBuilder; SearchStrategy: all) did not find any beans (OnBeanCondition)

   TaskSchedulingAutoConfiguration matched:
      - @ConditionalOnClass found required class 'org.springframework.scheduling.concurrent.ThreadPoolTaskScheduler' (OnClassCondition)

   TaskSchedulingAutoConfiguration#taskSchedulerBuilder matched:
      - @ConditionalOnMissingBean (types: org.springframework.boot.task.TaskSchedulerBuilder; SearchStrategy: all) did not find any beans (OnBeanCondition)

   ValidationAutoConfiguration matched:
      - @ConditionalOnClass found required class 'javax.validation.executable.ExecutableValidator' (OnClassCondition)
      - @ConditionalOnResource found location classpath:META-INF/services/javax.validation.spi.ValidationProvider (OnResourceCondition)

   ValidationAutoConfiguration#defaultValidator matched:
      - @ConditionalOnMissingBean (types: javax.validation.Validator; SearchStrategy: all) did not find any beans (OnBeanCondition)

   ValidationAutoConfiguration#methodValidationPostProcessor matched:
      - @ConditionalOnMissingBean (types: org.springframework.validation.beanvalidation.MethodValidationPostProcessor; SearchStrategy: all) did not find any beans (OnBeanCondition)

   WebMvcAutoConfiguration matched:
      - @ConditionalOnClass found required classes 'javax.servlet.Servlet', 'org.springframework.web.servlet.DispatcherServlet', 'org.springframework.web.servlet.config.annotation.WebMvcConfigurer' (OnClassCondition)
      - found 'session' scope (OnWebApplicationCondition)
      - @ConditionalOnMissingBean (types: org.springframework.web.servlet.config.annotation.WebMvcConfigurationSupport; SearchStrategy: all) did not find any beans (OnBeanCondition)

   WebMvcAutoConfiguration#formContentFilter matched:
      - @ConditionalOnProperty (spring.mvc.formcontent.filter.enabled) matched (OnPropertyCondition)
      - @ConditionalOnMissingBean (types: org.springframework.web.filter.FormContentFilter; SearchStrategy: all) did not find any beans (OnBeanCondition)

   WebMvcAutoConfiguration#hiddenHttpMethodFilter matched:
      - @ConditionalOnProperty (spring.mvc.hiddenmethod.filter.enabled) matched (OnPropertyCondition)
      - @ConditionalOnMissingBean (types: org.springframework.web.filter.HiddenHttpMethodFilter; SearchStrategy: all) did not find any beans (OnBeanCondition)

   WebMvcAutoConfiguration.WebMvcAutoConfigurationAdapter#defaultViewResolver matched:
      - @ConditionalOnMissingBean (types: org.springframework.web.servlet.view.InternalResourceViewResolver; SearchStrategy: all) did not find any beans (OnBeanCondition)

   WebMvcAutoConfiguration.WebMvcAutoConfigurationAdapter#requestContextFilter matched:
      - @ConditionalOnMissingBean (types: org.springframework.web.context.request.RequestContextListener,org.springframework.web.filter.RequestContextFilter; SearchStrategy: all) did not find any beans (OnBeanCondition)

   WebMvcAutoConfiguration.WebMvcAutoConfigurationAdapter#viewResolver matched:
      - @ConditionalOnBean (types: org.springframework.web.servlet.ViewResolver; SearchStrategy: all) found beans 'defaultViewResolver', 'beanNameViewResolver', 'mvcViewResolver'; @ConditionalOnMissingBean (names: viewResolver; types: org.springframework.web.servlet.view.ContentNegotiatingViewResolver; SearchStrategy: all) did not find any beans (OnBeanCondition)

   WebMvcAutoConfiguration.WebMvcAutoConfigurationAdapter.FaviconConfiguration matched:
      - @ConditionalOnProperty (spring.mvc.favicon.enabled) matched (OnPropertyCondition)

   WebSocketServletAutoConfiguration matched:
      - @ConditionalOnClass found required classes 'javax.servlet.Servlet', 'javax.websocket.server.ServerContainer' (OnClassCondition)
      - found 'session' scope (OnWebApplicationCondition)

   WebSocketServletAutoConfiguration.TomcatWebSocketConfiguration matched:
      - @ConditionalOnClass found required classes 'org.apache.catalina.startup.Tomcat', 'org.apache.tomcat.websocket.server.WsSci' (OnClassCondition)

   WebSocketServletAutoConfiguration.TomcatWebSocketConfiguration#websocketServletWebServerCustomizer matched:
      - @ConditionalOnMissingBean (names: websocketServletWebServerCustomizer; SearchStrategy: all) did not find any beans (OnBeanCondition)


Negative matches:
-----------------

   ActiveMQAutoConfiguration:
      Did not match:
         - @ConditionalOnClass did not find required class 'javax.jms.ConnectionFactory' (OnClassCondition)

   AopAutoConfiguration:
      Did not match:
         - @ConditionalOnClass did not find required class 'org.aspectj.lang.annotation.Aspect' (OnClassCondition)

   ArtemisAutoConfiguration:
      Did not match:
         - @ConditionalOnClass did not find required class 'javax.jms.ConnectionFactory' (OnClassCondition)

   BatchAutoConfiguration:
      Did not match:
         - @ConditionalOnClass did not find required class 'org.springframework.batch.core.launch.JobLauncher' (OnClassCondition)

   CacheAutoConfiguration:
      Did not match:
         - @ConditionalOnBean (types: org.springframework.cache.interceptor.CacheAspectSupport; SearchStrategy: all) did not find any beans of type org.springframework.cache.interceptor.CacheAspectSupport (OnBeanCondition)
      Matched:
         - @ConditionalOnClass found required class 'org.springframework.cache.CacheManager' (OnClassCondition)

   CacheAutoConfiguration.CacheManagerJpaDependencyConfiguration:
      Did not match:
         - @ConditionalOnClass did not find required class 'org.springframework.orm.jpa.LocalContainerEntityManagerFactoryBean' (OnClassCondition)
         - Ancestor org.springframework.boot.autoconfigure.cache.CacheAutoConfiguration did not match (ConditionEvaluationReport.AncestorsMatchedCondition)

   CaffeineCacheConfiguration:
      Did not match:
         - @ConditionalOnClass did not find required classes 'com.github.benmanes.caffeine.cache.Caffeine', 'org.springframework.cache.caffeine.CaffeineCacheManager' (OnClassCondition)

   CassandraAutoConfiguration:
      Did not match:
         - @ConditionalOnClass did not find required class 'com.datastax.driver.core.Cluster' (OnClassCondition)

   CassandraDataAutoConfiguration:
      Did not match:
         - @ConditionalOnClass did not find required class 'com.datastax.driver.core.Cluster' (OnClassCondition)

   CassandraReactiveDataAutoConfiguration:
      Did not match:
         - @ConditionalOnClass did not find required class 'com.datastax.driver.core.Cluster' (OnClassCondition)

   CassandraReactiveRepositoriesAutoConfiguration:
      Did not match:
         - @ConditionalOnClass did not find required class 'org.springframework.data.cassandra.ReactiveSession' (OnClassCondition)

   CassandraRepositoriesAutoConfiguration:
      Did not match:
         - @ConditionalOnClass did not find required class 'com.datastax.driver.core.Session' (OnClassCondition)

   ClientHttpConnectorAutoConfiguration:
      Did not match:
         - @ConditionalOnClass did not find required class 'org.springframework.web.reactive.function.client.WebClient' (OnClassCondition)

   CloudServiceConnectorsAutoConfiguration:
      Did not match:
         - @ConditionalOnClass did not find required class 'org.springframework.cloud.config.java.CloudScanConfiguration' (OnClassCondition)

   CouchbaseAutoConfiguration:
      Did not match:
         - @ConditionalOnClass did not find required class 'com.couchbase.client.java.Cluster' (OnClassCondition)

   CouchbaseCacheConfiguration:
      Did not match:
         - @ConditionalOnClass did not find required classes 'com.couchbase.client.java.Bucket', 'com.couchbase.client.spring.cache.CouchbaseCacheManager' (OnClassCondition)

   CouchbaseDataAutoConfiguration:
      Did not match:
         - @ConditionalOnClass did not find required class 'com.couchbase.client.java.Bucket' (OnClassCondition)

   CouchbaseReactiveDataAutoConfiguration:
      Did not match:
         - @ConditionalOnClass did not find required class 'com.couchbase.client.java.Bucket' (OnClassCondition)

   CouchbaseReactiveRepositoriesAutoConfiguration:
      Did not match:
         - @ConditionalOnClass did not find required class 'com.couchbase.client.java.Bucket' (OnClassCondition)

   CouchbaseRepositoriesAutoConfiguration:
      Did not match:
         - @ConditionalOnClass did not find required class 'com.couchbase.client.java.Bucket' (OnClassCondition)

   DataSourceAutoConfiguration:
      Did not match:
         - @ConditionalOnClass did not find required class 'org.springframework.jdbc.datasource.embedded.EmbeddedDatabaseType' (OnClassCondition)

   DataSourceTransactionManagerAutoConfiguration:
      Did not match:
         - @ConditionalOnClass did not find required class 'org.springframework.jdbc.core.JdbcTemplate' (OnClassCondition)

   DevToolsDataSourceAutoConfiguration:
      Did not match:
         - DevTools DataSource Condition did not find a single DataSource bean (DevToolsDataSourceAutoConfiguration.DevToolsDataSourceCondition)

   DevToolsDataSourceAutoConfiguration.DatabaseShutdownExecutorJpaDependencyConfiguration:
      Did not match:
         - @ConditionalOnClass did not find required class 'org.springframework.orm.jpa.LocalContainerEntityManagerFactoryBean' (OnClassCondition)
         - Ancestor org.springframework.boot.devtools.autoconfigure.DevToolsDataSourceAutoConfiguration did not match (ConditionEvaluationReport.AncestorsMatchedCondition)

   DispatcherServletAutoConfiguration.DispatcherServletConfiguration#multipartResolver:
      Did not match:
         - @ConditionalOnBean (types: org.springframework.web.multipart.MultipartResolver; SearchStrategy: all) did not find any beans of type org.springframework.web.multipart.MultipartResolver (OnBeanCondition)

   EhCacheCacheConfiguration:
      Did not match:
         - @ConditionalOnClass did not find required classes 'net.sf.ehcache.Cache', 'org.springframework.cache.ehcache.EhCacheCacheManager' (OnClassCondition)

   ElasticsearchAutoConfiguration:
      Did not match:
         - @ConditionalOnClass did not find required class 'org.elasticsearch.client.Client' (OnClassCondition)

   ElasticsearchDataAutoConfiguration:
      Did not match:
         - @ConditionalOnClass did not find required class 'org.elasticsearch.client.Client' (OnClassCondition)

   ElasticsearchRepositoriesAutoConfiguration:
      Did not match:
         - @ConditionalOnClass did not find required class 'org.elasticsearch.client.Client' (OnClassCondition)

   EmbeddedLdapAutoConfiguration:
      Did not match:
         - @ConditionalOnClass did not find required class 'com.unboundid.ldap.listener.InMemoryDirectoryServer' (OnClassCondition)

   EmbeddedMongoAutoConfiguration:
      Did not match:
         - @ConditionalOnClass did not find required class 'com.mongodb.MongoClient' (OnClassCondition)

   EmbeddedWebServerFactoryCustomizerAutoConfiguration.JettyWebServerFactoryCustomizerConfiguration:
      Did not match:
         - @ConditionalOnClass did not find required classes 'org.eclipse.jetty.server.Server', 'org.eclipse.jetty.util.Loader', 'org.eclipse.jetty.webapp.WebAppContext' (OnClassCondition)

   EmbeddedWebServerFactoryCustomizerAutoConfiguration.NettyWebServerFactoryCustomizerConfiguration:
      Did not match:
         - @ConditionalOnClass did not find required class 'reactor.netty.http.server.HttpServer' (OnClassCondition)

   EmbeddedWebServerFactoryCustomizerAutoConfiguration.UndertowWebServerFactoryCustomizerConfiguration:
      Did not match:
         - @ConditionalOnClass did not find required classes 'io.undertow.Undertow', 'org.xnio.SslClientAuthMode' (OnClassCondition)

   ErrorWebFluxAutoConfiguration:
      Did not match:
         - @ConditionalOnClass did not find required class 'org.springframework.web.reactive.config.WebFluxConfigurer' (OnClassCondition)

   FlywayAutoConfiguration:
      Did not match:
         - @ConditionalOnClass did not find required class 'org.flywaydb.core.Flyway' (OnClassCondition)

   FreeMarkerAutoConfiguration:
      Did not match:
         - @ConditionalOnClass did not find required class 'freemarker.template.Configuration' (OnClassCondition)

   GroovyTemplateAutoConfiguration:
      Did not match:
         - @ConditionalOnClass did not find required class 'groovy.text.markup.MarkupTemplateEngine' (OnClassCondition)

   GsonAutoConfiguration:
      Did not match:
         - @ConditionalOnClass did not find required class 'com.google.gson.Gson' (OnClassCondition)

   GsonHttpMessageConvertersConfiguration:
      Did not match:
         - @ConditionalOnClass did not find required class 'com.google.gson.Gson' (OnClassCondition)

   H2ConsoleAutoConfiguration:
      Did not match:
         - @ConditionalOnClass did not find required class 'org.h2.server.web.WebServlet' (OnClassCondition)

   HazelcastAutoConfiguration:
      Did not match:
         - @ConditionalOnClass did not find required class 'com.hazelcast.core.HazelcastInstance' (OnClassCondition)

   HazelcastCacheConfiguration:
      Did not match:
         - @ConditionalOnClass did not find required classes 'com.hazelcast.core.HazelcastInstance', 'com.hazelcast.spring.cache.HazelcastCacheManager' (OnClassCondition)

   HazelcastJpaDependencyAutoConfiguration:
      Did not match:
         - @ConditionalOnClass did not find required class 'com.hazelcast.core.HazelcastInstance' (OnClassCondition)

   HibernateJpaAutoConfiguration:
      Did not match:
         - @ConditionalOnClass did not find required class 'javax.persistence.EntityManager' (OnClassCondition)

   HttpHandlerAutoConfiguration:
      Did not match:
         - @ConditionalOnClass did not find required class 'org.springframework.web.reactive.DispatcherHandler' (OnClassCondition)

   HypermediaAutoConfiguration:
      Did not match:
         - @ConditionalOnClass did not find required class 'org.springframework.hateoas.Resource' (OnClassCondition)

   InfinispanCacheConfiguration:
      Did not match:
         - @ConditionalOnClass did not find required class 'org.infinispan.spring.provider.SpringEmbeddedCacheManager' (OnClassCondition)

   InfluxDbAutoConfiguration:
      Did not match:
         - @ConditionalOnClass did not find required class 'org.influxdb.InfluxDB' (OnClassCondition)

   IntegrationAutoConfiguration:
      Did not match:
         - @ConditionalOnClass did not find required class 'org.springframework.integration.config.EnableIntegration' (OnClassCondition)

   JCacheCacheConfiguration:
      Did not match:
         - @ConditionalOnClass did not find required classes 'javax.cache.Caching', 'org.springframework.cache.jcache.JCacheCacheManager' (OnClassCondition)

   JacksonAutoConfiguration.JodaDateTimeJacksonConfiguration:
      Did not match:
         - @ConditionalOnClass did not find required classes 'org.joda.time.DateTime', 'com.fasterxml.jackson.datatype.joda.ser.DateTimeSerializer', 'com.fasterxml.jackson.datatype.joda.cfg.JacksonJodaDateFormat' (OnClassCondition)

   JacksonHttpMessageConvertersConfiguration.MappingJackson2XmlHttpMessageConverterConfiguration:
      Did not match:
         - @ConditionalOnClass did not find required class 'com.fasterxml.jackson.dataformat.xml.XmlMapper' (OnClassCondition)

   JdbcRepositoriesAutoConfiguration:
      Did not match:
         - @ConditionalOnClass did not find required class 'org.springframework.data.jdbc.repository.config.JdbcConfiguration' (OnClassCondition)

   JdbcTemplateAutoConfiguration:
      Did not match:
         - @ConditionalOnClass did not find required class 'org.springframework.jdbc.core.JdbcTemplate' (OnClassCondition)

   JerseyAutoConfiguration:
      Did not match:
         - @ConditionalOnClass did not find required class 'org.glassfish.jersey.server.spring.SpringComponentProvider' (OnClassCondition)

   JestAutoConfiguration:
      Did not match:
         - @ConditionalOnClass did not find required class 'io.searchbox.client.JestClient' (OnClassCondition)

   JmsAutoConfiguration:
      Did not match:
         - @ConditionalOnClass did not find required class 'javax.jms.Message' (OnClassCondition)

   JndiConnectionFactoryAutoConfiguration:
      Did not match:
         - @ConditionalOnClass did not find required class 'org.springframework.jms.core.JmsTemplate' (OnClassCondition)

   JndiDataSourceAutoConfiguration:
      Did not match:
         - @ConditionalOnClass did not find required class 'org.springframework.jdbc.datasource.embedded.EmbeddedDatabaseType' (OnClassCondition)

   JooqAutoConfiguration:
      Did not match:
         - @ConditionalOnClass did not find required class 'org.jooq.DSLContext' (OnClassCondition)

   JpaRepositoriesAutoConfiguration:
      Did not match:
         - @ConditionalOnClass did not find required class 'org.springframework.data.jpa.repository.JpaRepository' (OnClassCondition)

   JsonbAutoConfiguration:
      Did not match:
         - @ConditionalOnClass did not find required class 'javax.json.bind.Jsonb' (OnClassCondition)

   JsonbHttpMessageConvertersConfiguration:
      Did not match:
         - @ConditionalOnClass did not find required class 'javax.json.bind.Jsonb' (OnClassCondition)

   JtaAutoConfiguration:
      Did not match:
         - @ConditionalOnClass did not find required class 'javax.transaction.Transaction' (OnClassCondition)

   KafkaAutoConfiguration:
      Did not match:
         - @ConditionalOnClass did not find required class 'org.springframework.kafka.core.KafkaTemplate' (OnClassCondition)

   LdapAutoConfiguration:
      Did not match:
         - @ConditionalOnClass did not find required class 'org.springframework.ldap.core.ContextSource' (OnClassCondition)

   LdapRepositoriesAutoConfiguration:
      Did not match:
         - @ConditionalOnClass did not find required class 'org.springframework.data.ldap.repository.LdapRepository' (OnClassCondition)

   LiquibaseAutoConfiguration:
      Did not match:
         - @ConditionalOnClass did not find required class 'liquibase.change.DatabaseChange' (OnClassCondition)

   MailSenderAutoConfiguration:
      Did not match:
         - @ConditionalOnClass did not find required class 'javax.mail.internet.MimeMessage' (OnClassCondition)

   MailSenderValidatorAutoConfiguration:
      Did not match:
         - @ConditionalOnSingleCandidate did not find required type 'org.springframework.mail.javamail.JavaMailSenderImpl' (OnBeanCondition)

   MessageSourceAutoConfiguration:
      Did not match:
         - ResourceBundle did not find bundle with basename messages (MessageSourceAutoConfiguration.ResourceBundleCondition)

   MongoAutoConfiguration:
      Did not match:
         - @ConditionalOnClass did not find required class 'com.mongodb.MongoClient' (OnClassCondition)

   MongoDataAutoConfiguration:
      Did not match:
         - @ConditionalOnClass did not find required class 'com.mongodb.client.MongoClient' (OnClassCondition)

   MongoReactiveAutoConfiguration:
      Did not match:
         - @ConditionalOnClass did not find required class 'com.mongodb.reactivestreams.client.MongoClient' (OnClassCondition)

   MongoReactiveDataAutoConfiguration:
      Did not match:
         - @ConditionalOnClass did not find required class 'com.mongodb.reactivestreams.client.MongoClient' (OnClassCondition)

   MongoReactiveRepositoriesAutoConfiguration:
      Did not match:
         - @ConditionalOnClass did not find required class 'com.mongodb.reactivestreams.client.MongoClient' (OnClassCondition)

   MongoRepositoriesAutoConfiguration:
      Did not match:
         - @ConditionalOnClass did not find required class 'com.mongodb.MongoClient' (OnClassCondition)

   MustacheAutoConfiguration:
      Did not match:
         - @ConditionalOnClass did not find required class 'com.samskivert.mustache.Mustache' (OnClassCondition)

   Neo4jDataAutoConfiguration:
      Did not match:
         - @ConditionalOnClass did not find required class 'org.neo4j.ogm.session.SessionFactory' (OnClassCondition)

   Neo4jRepositoriesAutoConfiguration:
      Did not match:
         - @ConditionalOnClass did not find required class 'org.neo4j.ogm.session.Neo4jSession' (OnClassCondition)

   OAuth2ClientAutoConfiguration:
      Did not match:
         - @ConditionalOnClass did not find required class 'org.springframework.security.config.annotation.web.configuration.EnableWebSecurity' (OnClassCondition)

   OAuth2ResourceServerAutoConfiguration:
      Did not match:
         - @ConditionalOnClass did not find required class 'org.springframework.security.oauth2.jwt.JwtDecoder' (OnClassCondition)

   PersistenceExceptionTranslationAutoConfiguration:
      Did not match:
         - @ConditionalOnClass did not find required class 'org.springframework.dao.annotation.PersistenceExceptionTranslationPostProcessor' (OnClassCondition)

   ProjectInfoAutoConfiguration#buildProperties:
      Did not match:
         - @ConditionalOnResource did not find resource '${spring.info.build.location:classpath:META-INF/build-info.properties}' (OnResourceCondition)

   ProjectInfoAutoConfiguration#gitProperties:
      Did not match:
         - GitResource did not find git info at classpath:git.properties (ProjectInfoAutoConfiguration.GitResourceAvailableCondition)

   QuartzAutoConfiguration:
      Did not match:
         - @ConditionalOnClass did not find required class 'org.quartz.Scheduler' (OnClassCondition)

   RabbitAutoConfiguration:
      Did not match:
         - @ConditionalOnClass did not find required class 'com.rabbitmq.client.Channel' (OnClassCondition)

   ReactiveOAuth2ClientAutoConfiguration:
      Did not match:
         - @ConditionalOnClass did not find required class 'reactor.core.publisher.Flux' (OnClassCondition)

   ReactiveOAuth2ResourceServerAutoConfiguration:
      Did not match:
         - @ConditionalOnClass did not find required class 'org.springframework.security.config.annotation.web.reactive.EnableWebFluxSecurity' (OnClassCondition)

   ReactiveSecurityAutoConfiguration:
      Did not match:
         - @ConditionalOnClass did not find required class 'reactor.core.publisher.Flux' (OnClassCondition)

   ReactiveUserDetailsServiceAutoConfiguration:
      Did not match:
         - @ConditionalOnClass did not find required class 'org.springframework.security.authentication.ReactiveAuthenticationManager' (OnClassCondition)

   ReactiveWebServerFactoryAutoConfiguration:
      Did not match:
         - @ConditionalOnWebApplication did not find reactive web application classes (OnWebApplicationCondition)

   ReactorCoreAutoConfiguration:
      Did not match:
         - @ConditionalOnClass did not find required class 'reactor.core.publisher.Flux' (OnClassCondition)

   RedisAutoConfiguration:
      Did not match:
         - @ConditionalOnClass did not find required class 'org.springframework.data.redis.core.RedisOperations' (OnClassCondition)

   RedisCacheConfiguration:
      Did not match:
         - @ConditionalOnClass did not find required class 'org.springframework.data.redis.connection.RedisConnectionFactory' (OnClassCondition)

   RedisReactiveAutoConfiguration:
      Did not match:
         - @ConditionalOnClass did not find required class 'reactor.core.publisher.Flux' (OnClassCondition)

   RedisRepositoriesAutoConfiguration:
      Did not match:
         - @ConditionalOnClass did not find required class 'org.springframework.data.redis.repository.configuration.EnableRedisRepositories' (OnClassCondition)

   RemoteDevToolsAutoConfiguration:
      Did not match:
         - @ConditionalOnProperty (spring.devtools.remote.secret) did not find property 'secret' (OnPropertyCondition)
      Matched:
         - @ConditionalOnClass found required classes 'javax.servlet.Filter', 'org.springframework.http.server.ServerHttpRequest' (OnClassCondition)

   RepositoryRestMvcAutoConfiguration:
      Did not match:
         - @ConditionalOnClass did not find required class 'org.springframework.data.rest.webmvc.config.RepositoryRestMvcConfiguration' (OnClassCondition)

   RestClientAutoConfiguration:
      Did not match:
         - @ConditionalOnClass did not find required class 'org.elasticsearch.client.RestClient' (OnClassCondition)

   SecurityAutoConfiguration:
      Did not match:
         - @ConditionalOnClass did not find required class 'org.springframework.security.authentication.DefaultAuthenticationEventPublisher' (OnClassCondition)

   SecurityFilterAutoConfiguration:
      Did not match:
         - @ConditionalOnClass did not find required class 'org.springframework.security.config.http.SessionCreationPolicy' (OnClassCondition)

   SecurityRequestMatcherProviderAutoConfiguration:
      Did not match:
         - @ConditionalOnClass did not find required class 'org.springframework.security.web.util.matcher.RequestMatcher' (OnClassCondition)

   SendGridAutoConfiguration:
      Did not match:
         - @ConditionalOnClass did not find required class 'com.sendgrid.SendGrid' (OnClassCondition)

   ServletWebServerFactoryConfiguration.EmbeddedJetty:
      Did not match:
         - @ConditionalOnClass did not find required classes 'org.eclipse.jetty.server.Server', 'org.eclipse.jetty.util.Loader', 'org.eclipse.jetty.webapp.WebAppContext' (OnClassCondition)

   ServletWebServerFactoryConfiguration.EmbeddedUndertow:
      Did not match:
         - @ConditionalOnClass did not find required classes 'io.undertow.Undertow', 'org.xnio.SslClientAuthMode' (OnClassCondition)

   SessionAutoConfiguration:
      Did not match:
         - @ConditionalOnClass did not find required class 'org.springframework.session.Session' (OnClassCondition)

   SolrAutoConfiguration:
      Did not match:
         - @ConditionalOnClass did not find required class 'org.apache.solr.client.solrj.impl.CloudSolrClient' (OnClassCondition)

   SolrRepositoriesAutoConfiguration:
      Did not match:
         - @ConditionalOnClass did not find required class 'org.apache.solr.client.solrj.SolrClient' (OnClassCondition)

   SpringApplicationAdminJmxAutoConfiguration:
      Did not match:
         - @ConditionalOnProperty (spring.application.admin.enabled=true) did not find property 'enabled' (OnPropertyCondition)

   SpringDataWebAutoConfiguration:
      Did not match:
         - @ConditionalOnClass did not find required class 'org.springframework.data.web.PageableHandlerMethodArgumentResolver' (OnClassCondition)

   TaskSchedulingAutoConfiguration#taskScheduler:
      Did not match:
         - @ConditionalOnBean (names: org.springframework.context.annotation.internalScheduledAnnotationProcessor; SearchStrategy: all) did not find any beans named org.springframework.context.annotation.internalScheduledAnnotationProcessor (OnBeanCondition)

   ThymeleafAutoConfiguration:
      Did not match:
         - @ConditionalOnClass did not find required class 'org.thymeleaf.spring5.SpringTemplateEngine' (OnClassCondition)

   TransactionAutoConfiguration:
      Did not match:
         - @ConditionalOnClass did not find required class 'org.springframework.transaction.PlatformTransactionManager' (OnClassCondition)

   UserDetailsServiceAutoConfiguration:
      Did not match:
         - @ConditionalOnClass did not find required class 'org.springframework.security.authentication.AuthenticationManager' (OnClassCondition)

   WebClientAutoConfiguration:
      Did not match:
         - @ConditionalOnClass did not find required class 'org.springframework.web.reactive.function.client.WebClient' (OnClassCondition)

   WebFluxAutoConfiguration:
      Did not match:
         - @ConditionalOnClass did not find required class 'org.springframework.web.reactive.config.WebFluxConfigurer' (OnClassCondition)

   WebMvcAutoConfiguration.ResourceChainCustomizerConfiguration:
      Did not match:
         - @ConditionalOnEnabledResourceChain did not find class org.webjars.WebJarAssetLocator (OnEnabledResourceChainCondition)

   WebMvcAutoConfiguration.WebMvcAutoConfigurationAdapter#beanNameViewResolver:
      Did not match:
         - @ConditionalOnMissingBean (types: org.springframework.web.servlet.view.BeanNameViewResolver; SearchStrategy: all) found beans of type 'org.springframework.web.servlet.view.BeanNameViewResolver' beanNameViewResolver (OnBeanCondition)

   WebMvcAutoConfiguration.WebMvcAutoConfigurationAdapter#localeResolver:
      Did not match:
         - @ConditionalOnProperty (spring.mvc.locale) did not find property 'locale' (OnPropertyCondition)

   WebServiceTemplateAutoConfiguration:
      Did not match:
         - @ConditionalOnClass did not find required class 'org.springframework.oxm.Marshaller' (OnClassCondition)

   WebServicesAutoConfiguration:
      Did not match:
         - @ConditionalOnClass did not find required class 'org.springframework.ws.transport.http.MessageDispatcherServlet' (OnClassCondition)

   WebSocketMessagingAutoConfiguration:
      Did not match:
         - @ConditionalOnClass did not find required class 'org.springframework.web.socket.config.annotation.WebSocketMessageBrokerConfigurer' (OnClassCondition)

   WebSocketReactiveAutoConfiguration:
      Did not match:
         - @ConditionalOnWebApplication did not find reactive web application classes (OnWebApplicationCondition)

   WebSocketServletAutoConfiguration.JettyWebSocketConfiguration:
      Did not match:
         - @ConditionalOnClass did not find required class 'org.eclipse.jetty.websocket.jsr356.server.deploy.WebSocketServerContainerInitializer' (OnClassCondition)

   WebSocketServletAutoConfiguration.UndertowWebSocketConfiguration:
      Did not match:
         - @ConditionalOnClass did not find required class 'io.undertow.websockets.jsr.Bootstrap' (OnClassCondition)

   XADataSourceAutoConfiguration:
      Did not match:
         - @ConditionalOnClass did not find required class 'javax.transaction.TransactionManager' (OnClassCondition)


Exclusions:
-----------

    None


Unconditional classes:
----------------------

    org.springframework.boot.autoconfigure.context.ConfigurationPropertiesAutoConfiguration

    org.springframework.boot.autoconfigure.context.PropertyPlaceholderAutoConfiguration

    org.springframework.boot.autoconfigure.info.ProjectInfoAutoConfiguration



2019/09/03 === [restartedMain] == INFO  == o.s.boot.web.embedded.tomcat.TomcatWebServer == Tomcat started on port(s): 9090 (http) with context path '/helloboot'
2019/09/03 === [restartedMain] == INFO  == com.summer.ch5_2_3.Ch523Application == Started Ch523Application in 8.088 seconds (JVM running for 9.133)
2019/09/03 === [restartedMain] == DEBUG == o.springframework.boot.devtools.restart.Restarter == Creating new Restarter for thread Thread[main,5,main]
2019/09/03 === [restartedMain] == DEBUG == o.springframework.boot.devtools.restart.Restarter == Immediately restarting application
2019/09/03 === [restartedMain] == DEBUG == o.springframework.boot.devtools.restart.Restarter == Created RestartClassLoader org.springframework.boot.devtools.restart.classloader.RestartClassLoader@6198e6ad
2019/09/03 === [restartedMain] == DEBUG == o.springframework.boot.devtools.restart.Restarter == Starting application com.summer.ch5_2_3.Ch523Application with URLs [file:/E:/WorkSpace/ch5_2_3/target/classes/]
